Arguments: 
  /usr/local/bin/node /usr/local/bin/yarn add react-hook-form

PATH: 
  /opt/homebrew/bin:/opt/homebrew/sbin:/usr/local/bin:/usr/bin:/bin:/usr/sbin:/sbin:/Library/Apple/usr/bin:/opt/homebrew/bin:/opt/homebrew/sbin:/Users/uziel/.fig/bin:/Users/uziel/.local/bin

Yarn version: 
  1.22.18

Node version: 
  16.13.1

Platform: 
  darwin arm64

Trace: 
  Error: ENOENT: no such file or directory, copyfile '/Users/uziel/Library/Caches/Yarn/v6/npm-globals-13.17.0-902eb1e680a41da93945adbdcb5a9f361ba69bd4-integrity/node_modules/globals/index.d.ts' -> '/Users/uziel/sites/proyectos/Alius/node_modules/@eslint/eslintrc/node_modules/globals/index.d.ts'

npm manifest: 
  {
    "name": "alius",
    "version": "0.1.0",
    "private": true,
    "dependencies": {
      "@headlessui/react": "^1.7.3",
      "@testing-library/jest-dom": "^5.16.5",
      "@testing-library/react": "^13.4.0",
      "@testing-library/user-event": "^13.5.0",
      "react": "^18.2.0",
      "react-dom": "^18.2.0",
      "react-icons": "^4.6.0",
      "react-scripts": "5.0.1",
      "web-vitals": "^2.1.4"
    },
    "scripts": {
      "start": "react-scripts start",
      "build": "react-scripts build",
      "test": "react-scripts test",
      "eject": "react-scripts eject"
    },
    "eslintConfig": {
      "extends": [
        "react-app",
        "react-app/jest"
      ]
    },
    "browserslist": {
      "production": [
        ">0.2%",
        "not dead",
        "not op_mini all"
      ],
      "development": [
        "last 1 chrome version",
        "last 1 firefox version",
        "last 1 safari version"
      ]
    },
    "devDependencies": {
      "autoprefixer": "^10.4.12",
      "postcss-cli": "^10.0.0",
      "tailwindcss": "^3.1.8"
    }
  }

yarn manifest: 
  No manifest

Lockfile: 
  No lockfile
